[INFO] Scanning for projects...
[INFO]                                                                         
[INFO] ------------------------------------------------------------------------
[INFO] Building org.mule.tooling.maven.dependencies 3.4.0-SNAPSHOT
[INFO] ------------------------------------------------------------------------
[INFO] 
[INFO] --- maven-dependency-plugin:2.4:copy-dependencies (download-maven-dependencies) @ org.mule.tooling.maven.dependencies ---
[INFO] Copying cxf-rt-transports-common-2.5.9.jar to /Users/fernandofederico/Desktop/source/mule-tooling-incubator/org.mule.tooling.devkit/lib/cxf-rt-transports-common.jar
[INFO] Copying commons-pool-1.5.3.jar to /Users/fernandofederico/Desktop/source/mule-tooling-incubator/org.mule.tooling.devkit/lib/commons-pool.jar
[INFO] Copying commons-beanutils-1.8.3.jar to /Users/fernandofederico/Desktop/source/mule-tooling-incubator/org.mule.tooling.devkit/lib/commons-beanutils.jar
[INFO] Copying activation-1.1-osgi.jar to /Users/fernandofederico/Desktop/source/mule-tooling-incubator/org.mule.tooling.devkit/lib/activation.jar
[INFO] Copying cxf-rt-transports-http-2.5.9.jar to /Users/fernandofederico/Desktop/source/mule-tooling-incubator/org.mule.tooling.devkit/lib/cxf-rt-transports-http.jar
[INFO] Copying cxf-rt-core-2.5.9.jar to /Users/fernandofederico/Desktop/source/mule-tooling-incubator/org.mule.tooling.devkit/lib/cxf-rt-core.jar
[INFO] Copying xmlsec-1.5.3.jar to /Users/fernandofederico/Desktop/source/mule-tooling-incubator/org.mule.tooling.devkit/lib/xmlsec.jar
[INFO] Copying jackson-core-2.0.0.jar to /Users/fernandofederico/Desktop/source/mule-tooling-incubator/org.mule.tooling.devkit/lib/jackson-core.jar
[INFO] Copying mule-devkit-schema-model-3.4.0.jar to /Users/fernandofederico/Desktop/source/mule-tooling-incubator/org.mule.tooling.devkit/lib/mule-devkit-schema-model.jar
[INFO] Copying ant-1.8.2.jar to /Users/fernandofederico/Desktop/source/mule-tooling-incubator/org.mule.tooling.devkit/lib/ant.jar
[INFO] Copying ant-nodeps-1.8.1.jar to /Users/fernandofederico/Desktop/source/mule-tooling-incubator/org.mule.tooling.devkit/lib/ant-nodeps.jar
[INFO] Copying jaxen-1.1.1.jar to /Users/fernandofederico/Desktop/source/mule-tooling-incubator/org.mule.tooling.devkit/lib/jaxen.jar
[INFO] Copying spring-asm-3.0.3.RELEASE.jar to /Users/fernandofederico/Desktop/source/mule-tooling-incubator/org.mule.tooling.devkit/lib/spring-asm.jar
[INFO] Copying geronimo-jta_1.1_spec-1.1.1.jar to /Users/fernandofederico/Desktop/source/mule-tooling-incubator/org.mule.tooling.devkit/lib/geronimo-jta_1.1_spec.jar
[INFO] Copying cxf-rt-databinding-jaxb-2.5.9.jar to /Users/fernandofederico/Desktop/source/mule-tooling-incubator/org.mule.tooling.devkit/lib/cxf-rt-databinding-jaxb.jar
[INFO] Copying mule-devkit-annotations-model-3.4.0.jar to /Users/fernandofederico/Desktop/source/mule-tooling-incubator/org.mule.tooling.devkit/lib/mule-devkit-annotations-model.jar
[INFO] Copying connector-generator-maven-plugin-1.0-SNAPSHOT.jar to /Users/fernandofederico/Desktop/source/mule-tooling-incubator/org.mule.tooling.devkit/lib/connector-generator-maven-plugin.jar
[INFO] Copying tomcat-apr-5.5.23.jar to /Users/fernandofederico/Desktop/source/mule-tooling-incubator/org.mule.tooling.devkit/lib/tomcat-apr.jar
[INFO] Copying ant-launcher-1.8.2.jar to /Users/fernandofederico/Desktop/source/mule-tooling-incubator/org.mule.tooling.devkit/lib/ant-launcher.jar
[INFO] Copying mule-devkit-annotations-3.4.0.jar to /Users/fernandofederico/Desktop/source/mule-tooling-incubator/org.mule.tooling.devkit/lib/mule-devkit-annotations.jar
[INFO] Copying cxf-tools-common-2.5.9.jar to /Users/fernandofederico/Desktop/source/mule-tooling-incubator/org.mule.tooling.devkit/lib/cxf-tools-common.jar
[INFO] Copying cxf-tools-wsdlto-frontend-jaxws-2.5.9.jar to /Users/fernandofederico/Desktop/source/mule-tooling-incubator/org.mule.tooling.devkit/lib/cxf-tools-wsdlto-frontend-jaxws.jar
[INFO] Copying jaxb-impl-2.1.13.jar to /Users/fernandofederico/Desktop/source/mule-tooling-incubator/org.mule.tooling.devkit/lib/jaxb-impl.jar
[INFO] Copying cxf-rt-frontend-jaxws-2.5.9.jar to /Users/fernandofederico/Desktop/source/mule-tooling-incubator/org.mule.tooling.devkit/lib/cxf-rt-frontend-jaxws.jar
[INFO] Copying cxf-api-2.5.9.jar to /Users/fernandofederico/Desktop/source/mule-tooling-incubator/org.mule.tooling.devkit/lib/cxf-api.jar
[INFO] Copying commons-cli-1.2.jar to /Users/fernandofederico/Desktop/source/mule-tooling-incubator/org.mule.tooling.devkit/lib/commons-cli.jar
[INFO] Copying tomcat-util-5.5.23.jar to /Users/fernandofederico/Desktop/source/mule-tooling-incubator/org.mule.tooling.devkit/lib/tomcat-util.jar
[INFO] Copying jackson-databind-2.0.0.jar to /Users/fernandofederico/Desktop/source/mule-tooling-incubator/org.mule.tooling.devkit/lib/jackson-databind.jar
[INFO] Copying commons-io-1.4.jar to /Users/fernandofederico/Desktop/source/mule-tooling-incubator/org.mule.tooling.devkit/lib/commons-io.jar
[INFO] Copying jug-2.0.0-asl.jar to /Users/fernandofederico/Desktop/source/mule-tooling-incubator/org.mule.tooling.devkit/lib/jug-asl.jar
[INFO] Copying xsd-2.1.1.jar to /Users/fernandofederico/Desktop/source/mule-tooling-incubator/org.mule.tooling.devkit/lib/xsd.jar
[INFO] Copying xalan-2.7.0.jar to /Users/fernandofederico/Desktop/source/mule-tooling-incubator/org.mule.tooling.devkit/lib/xalan.jar
[INFO] Copying jcifs-1.3.3.jar to /Users/fernandofederico/Desktop/source/mule-tooling-incubator/org.mule.tooling.devkit/lib/jcifs.jar
[INFO] Copying mule-devkit-code-model-3.4.0.jar to /Users/fernandofederico/Desktop/source/mule-tooling-incubator/org.mule.tooling.devkit/lib/mule-devkit-code-model.jar
[INFO] Copying signpost-core-1.2.jar to /Users/fernandofederico/Desktop/source/mule-tooling-incubator/org.mule.tooling.devkit/lib/signpost-core.jar
[INFO] Copying cxf-codegen-plugin-2.5.9.jar to /Users/fernandofederico/Desktop/source/mule-tooling-incubator/org.mule.tooling.devkit/lib/cxf-codegen-plugin.jar
[INFO] Copying log4j-1.2.16.jar to /Users/fernandofederico/Desktop/source/mule-tooling-incubator/org.mule.tooling.devkit/lib/log4j.jar
[INFO] Copying jsr250-api-1.0.jar to /Users/fernandofederico/Desktop/source/mule-tooling-incubator/org.mule.tooling.devkit/lib/jsr250-api.jar
[INFO] Copying annotations-1.3.9.jar to /Users/fernandofederico/Desktop/source/mule-tooling-incubator/org.mule.tooling.devkit/lib/annotations.jar
[INFO] Copying wss4j-1.6.9.jar to /Users/fernandofederico/Desktop/source/mule-tooling-incubator/org.mule.tooling.devkit/lib/wss4j.jar
[INFO] Copying mule-devkit-wsdl-parser-1.0-SNAPSHOT.jar to /Users/fernandofederico/Desktop/source/mule-tooling-incubator/org.mule.tooling.devkit/lib/mule-devkit-wsdl-parser.jar
[INFO] Copying mule-transport-ssl-3.4.0.jar to /Users/fernandofederico/Desktop/source/mule-tooling-incubator/org.mule.tooling.devkit/lib/mule-transport-ssl.jar
[INFO] Copying plexus-container-default-1.0-alpha-9-stable-1.jar to /Users/fernandofederico/Desktop/source/mule-tooling-incubator/org.mule.tooling.devkit/lib/plexus-container-default.jar
[INFO] Copying opensaml-2.5.1-1.jar to /Users/fernandofederico/Desktop/source/mule-tooling-incubator/org.mule.tooling.devkit/lib/opensaml.jar
[INFO] Copying spring-web-3.0.6.RELEASE.jar to /Users/fernandofederico/Desktop/source/mule-tooling-incubator/org.mule.tooling.devkit/lib/spring-web.jar
[INFO] Copying stax2-api-3.1.1.jar to /Users/fernandofederico/Desktop/source/mule-tooling-incubator/org.mule.tooling.devkit/lib/stax2-api.jar
[INFO] Copying xmltooling-1.3.2-1.jar to /Users/fernandofederico/Desktop/source/mule-tooling-incubator/org.mule.tooling.devkit/lib/xmltooling.jar
[INFO] Copying spring-expression-3.0.6.RELEASE.jar to /Users/fernandofederico/Desktop/source/mule-tooling-incubator/org.mule.tooling.devkit/lib/spring-expression.jar
[INFO] Copying commons-lang-2.4.jar to /Users/fernandofederico/Desktop/source/mule-tooling-incubator/org.mule.tooling.devkit/lib/commons-lang.jar
[INFO] Copying maven-plugin-api-2.0.jar to /Users/fernandofederico/Desktop/source/mule-tooling-incubator/org.mule.tooling.devkit/lib/maven-plugin-api.jar
[INFO] Copying mule-module-annotations-3.4.0.jar to /Users/fernandofederico/Desktop/source/mule-tooling-incubator/org.mule.tooling.devkit/lib/mule-module-annotations.jar
[INFO] Copying commons-httpclient-3.1-osgi.jar to /Users/fernandofederico/Desktop/source/mule-tooling-incubator/org.mule.tooling.devkit/lib/commons-httpclient.jar
[INFO] Copying commons-codec-1.3-osgi.jar to /Users/fernandofederico/Desktop/source/mule-tooling-incubator/org.mule.tooling.devkit/lib/commons-codec.jar
[INFO] Copying jackson-annotations-2.0.0.jar to /Users/fernandofederico/Desktop/source/mule-tooling-incubator/org.mule.tooling.devkit/lib/jackson-annotations.jar
[INFO] Copying slf4j-api-1.6.1.jar to /Users/fernandofederico/Desktop/source/mule-tooling-incubator/org.mule.tooling.devkit/lib/slf4j-api.jar
[INFO] Copying mule-devkit-studio-model-3.4.0.jar to /Users/fernandofederico/Desktop/source/mule-tooling-incubator/org.mule.tooling.devkit/lib/mule-devkit-studio-model.jar
[INFO] Copying jackson-core-asl-1.9.13.jar to /Users/fernandofederico/Desktop/source/mule-tooling-incubator/org.mule.tooling.devkit/lib/jackson-core-asl.jar
[INFO] Copying asm-commons-3.1.jar to /Users/fernandofederico/Desktop/source/mule-tooling-incubator/org.mule.tooling.devkit/lib/asm-commons.jar
[INFO] Copying codemodel-2.4.1.jar to /Users/fernandofederico/Desktop/source/mule-tooling-incubator/org.mule.tooling.devkit/lib/codemodel.jar
[INFO] Copying collection-setter-injector-0.5.0-1.jar to /Users/fernandofederico/Desktop/source/mule-tooling-incubator/org.mule.tooling.devkit/lib/collection-setter-injector.jar
[INFO] Copying cxf-rt-bindings-xml-2.5.9.jar to /Users/fernandofederico/Desktop/source/mule-tooling-incubator/org.mule.tooling.devkit/lib/cxf-rt-bindings-xml.jar
[INFO] Copying mule-devkit-generation-core-3.4.0.jar to /Users/fernandofederico/Desktop/source/mule-tooling-incubator/org.mule.tooling.devkit/lib/mule-devkit-generation-core.jar
[INFO] Copying spring-context-3.0.6.RELEASE.jar to /Users/fernandofederico/Desktop/source/mule-tooling-incubator/org.mule.tooling.devkit/lib/spring-context.jar
[INFO] Copying neethi-3.0.2.jar to /Users/fernandofederico/Desktop/source/mule-tooling-incubator/org.mule.tooling.devkit/lib/neethi.jar
[INFO] Copying geronimo-j2ee-connector_1.5_spec-1.1-osgi.jar to /Users/fernandofederico/Desktop/source/mule-tooling-incubator/org.mule.tooling.devkit/lib/geronimo-j2ee-connector_1.5_spec.jar
[INFO] Copying mule-core-3.4.0.jar to /Users/fernandofederico/Desktop/source/mule-tooling-incubator/org.mule.tooling.devkit/lib/mule-core.jar
[INFO] Copying cxf-tools-wsdlto-core-2.5.9.jar to /Users/fernandofederico/Desktop/source/mule-tooling-incubator/org.mule.tooling.devkit/lib/cxf-tools-wsdlto-core.jar
[INFO] Copying mule-devkit-unmapper-1.0-SNAPSHOT.jar to /Users/fernandofederico/Desktop/source/mule-tooling-incubator/org.mule.tooling.devkit/lib/mule-devkit-unmapper.jar
[INFO] Copying cxf-tools-validator-2.5.9.jar to /Users/fernandofederico/Desktop/source/mule-tooling-incubator/org.mule.tooling.devkit/lib/cxf-tools-validator.jar
[INFO] Copying cxf-rt-ws-security-2.5.9.jar to /Users/fernandofederico/Desktop/source/mule-tooling-incubator/org.mule.tooling.devkit/lib/cxf-rt-ws-security.jar
[INFO] Copying geronimo-javamail_1.4_spec-1.7.1.jar to /Users/fernandofederico/Desktop/source/mule-tooling-incubator/org.mule.tooling.devkit/lib/geronimo-javamail_1.4_spec.jar
[INFO] Copying joda-time-1.6.jar to /Users/fernandofederico/Desktop/source/mule-tooling-incubator/org.mule.tooling.devkit/lib/joda-time.jar
[INFO] Copying mvel2-2.1.3.Final.jar to /Users/fernandofederico/Desktop/source/mule-tooling-incubator/org.mule.tooling.devkit/lib/mvel2.jar
[INFO] Copying mule-common-0.11.0.jar to /Users/fernandofederico/Desktop/source/mule-tooling-incubator/org.mule.tooling.devkit/lib/mule-common.jar
[INFO] Copying classes.jar to /Users/fernandofederico/Desktop/source/mule-tooling-incubator/org.mule.tooling.devkit/lib/tools.jar
[INFO] Copying junit-3.8.1.jar to /Users/fernandofederico/Desktop/source/mule-tooling-incubator/org.mule.tooling.devkit/lib/junit.jar
[INFO] Copying commons-logging-1.1.1.jar to /Users/fernandofederico/Desktop/source/mule-tooling-incubator/org.mule.tooling.devkit/lib/commons-logging.jar
[INFO] Copying mule-module-spring-config-3.4.0.jar to /Users/fernandofederico/Desktop/source/mule-tooling-incubator/org.mule.tooling.devkit/lib/mule-module-spring-config.jar
[INFO] Copying cxf-rt-ws-addr-2.5.9.jar to /Users/fernandofederico/Desktop/source/mule-tooling-incubator/org.mule.tooling.devkit/lib/cxf-rt-ws-addr.jar
[INFO] Copying jgrapht-0.8.3.jar to /Users/fernandofederico/Desktop/source/mule-tooling-incubator/org.mule.tooling.devkit/lib/jgrapht.jar
[INFO] Copying spring-beans-3.0.6.RELEASE.jar to /Users/fernandofederico/Desktop/source/mule-tooling-incubator/org.mule.tooling.devkit/lib/spring-beans.jar
[INFO] Copying jackson-mapper-asl-1.9.13.jar to /Users/fernandofederico/Desktop/source/mule-tooling-incubator/org.mule.tooling.devkit/lib/jackson-mapper-asl.jar
[INFO] Copying xmlschema-core-2.0.3.jar to /Users/fernandofederico/Desktop/source/mule-tooling-incubator/org.mule.tooling.devkit/lib/xmlschema-core.jar
[INFO] Copying asm-tree-3.1.jar to /Users/fernandofederico/Desktop/source/mule-tooling-incubator/org.mule.tooling.devkit/lib/asm-tree.jar
[INFO] Copying cxf-rt-bindings-soap-2.5.9.jar to /Users/fernandofederico/Desktop/source/mule-tooling-incubator/org.mule.tooling.devkit/lib/cxf-rt-bindings-soap.jar
[INFO] Copying xml-apis-1.0.b2.jar to /Users/fernandofederico/Desktop/source/mule-tooling-incubator/org.mule.tooling.devkit/lib/xml-apis.jar
[INFO] Copying cxf-tools-wsdlto-databinding-jaxb-2.5.9.jar to /Users/fernandofederico/Desktop/source/mule-tooling-incubator/org.mule.tooling.devkit/lib/cxf-tools-wsdlto-databinding-jaxb.jar
[INFO] Copying plexus-utils-2.0.5.jar to /Users/fernandofederico/Desktop/source/mule-tooling-incubator/org.mule.tooling.devkit/lib/plexus-utils.jar
[INFO] Copying mule-devkit-annotations-processor-3.4.0.jar to /Users/fernandofederico/Desktop/source/mule-tooling-incubator/org.mule.tooling.devkit/lib/mule-devkit-annotations-processor.jar
[INFO] Copying aopalliance-1.0.jar to /Users/fernandofederico/Desktop/source/mule-tooling-incubator/org.mule.tooling.devkit/lib/aopalliance.jar
[INFO] Copying jsonschema2pojo-core-0.3.4.jar to /Users/fernandofederico/Desktop/source/mule-tooling-incubator/org.mule.tooling.devkit/lib/jsonschema2pojo-core.jar
[INFO] Copying jgrapht-jdk1.5-0.7.3.jar to /Users/fernandofederico/Desktop/source/mule-tooling-incubator/org.mule.tooling.devkit/lib/jgrapht-jdk1.5.jar
[INFO] Copying spring-aop-3.0.6.RELEASE.jar to /Users/fernandofederico/Desktop/source/mule-tooling-incubator/org.mule.tooling.devkit/lib/spring-aop.jar
[INFO] Copying jcl-over-slf4j-1.6.1.jar to /Users/fernandofederico/Desktop/source/mule-tooling-incubator/org.mule.tooling.devkit/lib/jcl-over-slf4j.jar
[INFO] Copying cxf-rt-frontend-simple-2.5.9.jar to /Users/fernandofederico/Desktop/source/mule-tooling-incubator/org.mule.tooling.devkit/lib/cxf-rt-frontend-simple.jar
[INFO] Copying asm-3.3.1.jar to /Users/fernandofederico/Desktop/source/mule-tooling-incubator/org.mule.tooling.devkit/lib/asm.jar
[INFO] Copying mule-transport-http-3.4.0.jar to /Users/fernandofederico/Desktop/source/mule-tooling-incubator/org.mule.tooling.devkit/lib/mule-transport-http.jar
[INFO] Copying xml-resolver-1.2.jar to /Users/fernandofederico/Desktop/source/mule-tooling-incubator/org.mule.tooling.devkit/lib/xml-resolver.jar
[INFO] Copying jaxb-xjc-2.1.13.jar to /Users/fernandofederico/Desktop/source/mule-tooling-incubator/org.mule.tooling.devkit/lib/jaxb-xjc.jar
[INFO] Copying cxf-tools-wsdlto-frontend-javascript-2.5.9.jar to /Users/fernandofederico/Desktop/source/mule-tooling-incubator/org.mule.tooling.devkit/lib/cxf-tools-wsdlto-frontend-javascript.jar
[INFO] Copying cxf-rt-javascript-2.5.9.jar to /Users/fernandofederico/Desktop/source/mule-tooling-incubator/org.mule.tooling.devkit/lib/cxf-rt-javascript.jar
[INFO] Copying maven-artifact-resolver-1.0.jar to /Users/fernandofederico/Desktop/source/mule-tooling-incubator/org.mule.tooling.devkit/lib/maven-artifact-resolver.jar
[INFO] Copying cglib-nodep-2.2.jar to /Users/fernandofederico/Desktop/source/mule-tooling-incubator/org.mule.tooling.devkit/lib/cglib-nodep.jar
[INFO] Copying commons-collections-3.2.jar to /Users/fernandofederico/Desktop/source/mule-tooling-incubator/org.mule.tooling.devkit/lib/commons-collections.jar
[INFO] Copying woodstox-core-asl-4.1.4.jar to /Users/fernandofederico/Desktop/source/mule-tooling-incubator/org.mule.tooling.devkit/lib/woodstox-core-asl.jar
[INFO] Copying mule-devkit-generation-api-3.4.0.jar to /Users/fernandofederico/Desktop/source/mule-tooling-incubator/org.mule.tooling.devkit/lib/mule-devkit-generation-api.jar
[INFO] Copying classworlds-1.1-alpha-2.jar to /Users/fernandofederico/Desktop/source/mule-tooling-incubator/org.mule.tooling.devkit/lib/classworlds.jar
[INFO] Copying mule-transport-tcp-3.4.0.jar to /Users/fernandofederico/Desktop/source/mule-tooling-incubator/org.mule.tooling.devkit/lib/mule-transport-tcp.jar
[INFO] Copying plexus-io-1.0.1.jar to /Users/fernandofederico/Desktop/source/mule-tooling-incubator/org.mule.tooling.devkit/lib/plexus-io.jar
[INFO] Copying javax.inject-1.jar to /Users/fernandofederico/Desktop/source/mule-tooling-incubator/org.mule.tooling.devkit/lib/javax.inject.jar
[INFO] Copying openws-1.4.2-1.jar to /Users/fernandofederico/Desktop/source/mule-tooling-incubator/org.mule.tooling.devkit/lib/openws.jar
[INFO] Copying slf4j-log4j12-1.6.1.jar to /Users/fernandofederico/Desktop/source/mule-tooling-incubator/org.mule.tooling.devkit/lib/slf4j-log4j12.jar
[INFO] Copying cxf-common-utilities-2.5.9.jar to /Users/fernandofederico/Desktop/source/mule-tooling-incubator/org.mule.tooling.devkit/lib/cxf-common-utilities.jar
[INFO] Copying spring-core-3.0.3.RELEASE.jar to /Users/fernandofederico/Desktop/source/mule-tooling-incubator/org.mule.tooling.devkit/lib/spring-core.jar
[INFO] Copying jdom-1.0.jar to /Users/fernandofederico/Desktop/source/mule-tooling-incubator/org.mule.tooling.devkit/lib/jdom.jar
[INFO] Copying validation-api-1.0.0.GA.jar to /Users/fernandofederico/Desktop/source/mule-tooling-incubator/org.mule.tooling.devkit/lib/validation-api.jar
[INFO] Copying gson-2.2.4.jar to /Users/fernandofederico/Desktop/source/mule-tooling-incubator/org.mule.tooling.devkit/lib/gson.jar
[INFO] Copying mule-module-devkit-support-3.4.0.jar to /Users/fernandofederico/Desktop/source/mule-tooling-incubator/org.mule.tooling.devkit/lib/mule-module-devkit-support.jar
[INFO] Copying cxf-xjc-boolean-2.6.0.jar to /Users/fernandofederico/Desktop/source/mule-tooling-incubator/org.mule.tooling.devkit/lib/cxf-xjc-boolean.jar
[INFO] Copying wsdl4j-1.6.2.jar to /Users/fernandofederico/Desktop/source/mule-tooling-incubator/org.mule.tooling.devkit/lib/wsdl4j.jar
[INFO] Copying plexus-archiver-1.2.jar to /Users/fernandofederico/Desktop/source/mule-tooling-incubator/org.mule.tooling.devkit/lib/plexus-archiver.jar
[INFO] Copying qdox-1.6.1.jar to /Users/fernandofederico/Desktop/source/mule-tooling-incubator/org.mule.tooling.devkit/lib/qdox.jar
[INFO] Copying velocity-1.7.jar to /Users/fernandofederico/Desktop/source/mule-tooling-incubator/org.mule.tooling.devkit/lib/velocity.jar
[INFO] ------------------------------------------------------------------------
[INFO] BUILD SUCCESS
[INFO] ------------------------------------------------------------------------
[INFO] Total time: 2.493s
[INFO] Finished at: Tue Oct 15 16:17:07 GMT-03:00 2013
[INFO] Final Memory: 8M/81M
[INFO] ------------------------------------------------------------------------
